The system is: Darwin - 19.5.0 - x86_64
Compiling the C compiler identification source file "CMakeCCompilerId.c" succeeded.
Compiler: /Library/Developer/CommandLineTools/usr/bin/cc 
Build flags: 
Id flags:  

The output was:
0


Compilation of the C compiler identification source "CMakeCCompilerId.c" produced "a.out"

The C compiler identification is AppleClang, found in "/Users/marcolyu/Documents/workspace/video-game-sales-predictor/src/CMakeFiles/3.13.4/CompilerIdC/a.out"

Compiling the CXX compiler identification source file "CMakeCXXCompilerId.cpp" succeeded.
Compiler: /Library/Developer/CommandLineTools/usr/bin/c++ 
Build flags: 
Id flags:  

The output was:
0


Compilation of the CXX compiler identification source "CMakeCXXCompilerId.cpp" produced "a.out"

The CXX compiler identification is AppleClang, found in "/Users/marcolyu/Documents/workspace/video-game-sales-predictor/src/CMakeFiles/3.13.4/CompilerIdCXX/a.out"

Determining if the C compiler works passed with the following output:
Change Dir: /Users/marcolyu/Documents/workspace/video-game-sales-predictor/src/CMakeFiles/CMakeTmp

Run Build Command:"/usr/bin/make" "cmTC_948c7/fast"
/Library/Developer/CommandLineTools/usr/bin/make -f CMakeFiles/cmTC_948c7.dir/build.make CMakeFiles/cmTC_948c7.dir/build
Building C object CMakeFiles/cmTC_948c7.dir/testCCompiler.c.o
/Library/Developer/CommandLineTools/usr/bin/cc   -isysroot /Library/Developer/CommandLineTools/SDKs/MacOSX10.15.sdk   -o CMakeFiles/cmTC_948c7.dir/testCCompiler.c.o   -c /Users/marcolyu/Documents/workspace/video-game-sales-predictor/src/CMakeFiles/CMakeTmp/testCCompiler.c
Linking C executable cmTC_948c7
/usr/local/Cellar/cmake/3.13.4/bin/cmake -E cmake_link_script CMakeFiles/cmTC_948c7.dir/link.txt --verbose=1
/Library/Developer/CommandLineTools/usr/bin/cc   -isysroot /Library/Developer/CommandLineTools/SDKs/MacOSX10.15.sdk -Wl,-search_paths_first -Wl,-headerpad_max_install_names   CMakeFiles/cmTC_948c7.dir/testCCompiler.c.o  -o cmTC_948c7 


Detecting C compiler ABI info compiled with the following output:
Change Dir: /Users/marcolyu/Documents/workspace/video-game-sales-predictor/src/CMakeFiles/CMakeTmp

Run Build Command:"/usr/bin/make" "cmTC_d3476/fast"
/Library/Developer/CommandLineTools/usr/bin/make -f CMakeFiles/cmTC_d3476.dir/build.make CMakeFiles/cmTC_d3476.dir/build
Building C object CMakeFiles/cmTC_d3476.dir/CMakeCCompilerABI.c.o
/Library/Developer/CommandLineTools/usr/bin/cc   -isysroot /Library/Developer/CommandLineTools/SDKs/MacOSX10.15.sdk   -o CMakeFiles/cmTC_d3476.dir/CMakeCCompilerABI.c.o   -c /usr/local/Cellar/cmake/3.13.4/share/cmake/Modules/CMakeCCompilerABI.c
Linking C executable cmTC_d3476
/usr/local/Cellar/cmake/3.13.4/bin/cmake -E cmake_link_script CMakeFiles/cmTC_d3476.dir/link.txt --verbose=1
/Library/Developer/CommandLineTools/usr/bin/cc   -isysroot /Library/Developer/CommandLineTools/SDKs/MacOSX10.15.sdk -Wl,-search_paths_first -Wl,-headerpad_max_install_names  -v -Wl,-v CMakeFiles/cmTC_d3476.dir/CMakeCCompilerABI.c.o  -o cmTC_d3476 
Apple clang version 11.0.3 (clang-1103.0.32.62)
Target: x86_64-apple-darwin19.5.0
Thread model: posix
InstalledDir: /Library/Developer/CommandLineTools/usr/bin
 "/Library/Developer/CommandLineTools/usr/bin/ld" -demangle -lto_library /Library/Developer/CommandLineTools/usr/lib/libLTO.dylib -dynamic -arch x86_64 -platform_version macos 10.15.0 10.15.4 -syslibroot /Library/Developer/CommandLineTools/SDKs/MacOSX10.15.sdk -o cmTC_d3476 -search_paths_first -headerpad_max_install_names -v CMakeFiles/cmTC_d3476.dir/CMakeCCompilerABI.c.o -L/opt/intel/compilers_and_libraries_2020.2.258/mac/compiler/lib -L/opt/intel/compilers_and_libraries_2020.2.258/mac/mkl/lib -L/opt/intel/compilers_and_libraries_2020.2.258/mac/tbb/lib -L/opt/intel/compilers_and_libraries_2020.2.258/mac/compiler/lib -L/opt/intel/compilers_and_libraries_2020.2.258/mac/mkl/lib -L/opt/intel/compilers_and_libraries_2020.2.258/mac/tbb/lib -lSystem /Library/Developer/CommandLineTools/usr/lib/clang/11.0.3/lib/darwin/libclang_rt.osx.a
@(#)PROGRAM:ld  PROJECT:ld64-556.6
BUILD 17:57:49 Apr 24 2020
configured to support archs: armv6 armv7 armv7s arm64 arm64e arm64_32 i386 x86_64 x86_64h armv6m armv7k armv7m armv7em
Library search paths:
	/opt/intel/compilers_and_libraries_2020.2.258/mac/compiler/lib
	/opt/intel/compilers_and_libraries_2020.2.258/mac/mkl/lib
	/opt/intel/compilers_and_libraries_2020.2.258/mac/tbb/lib
	/opt/intel/compilers_and_libraries_2020.2.258/mac/compiler/lib
	/opt/intel/compilers_and_libraries_2020.2.258/mac/mkl/lib
	/opt/intel/compilers_and_libraries_2020.2.258/mac/tbb/lib
	/Library/Developer/CommandLineTools/SDKs/MacOSX10.15.sdk/usr/lib
Framework search paths:
	/Library/Developer/CommandLineTools/SDKs/MacOSX10.15.sdk/System/Library/Frameworks/


Parsed C implicit link information from above output:
  link line regex: [^( *|.*[/\])(ld|CMAKE_LINK_STARTFILE-NOTFOUND|([^/\]+-)?ld|collect2)[^/\]*( |$)]
  ignore line: [Change Dir: /Users/marcolyu/Documents/workspace/video-game-sales-predictor/src/CMakeFiles/CMakeTmp]
  ignore line: []
  ignore line: [Run Build Command:"/usr/bin/make" "cmTC_d3476/fast"]
  ignore line: [/Library/Developer/CommandLineTools/usr/bin/make -f CMakeFiles/cmTC_d3476.dir/build.make CMakeFiles/cmTC_d3476.dir/build]
  ignore line: [Building C object CMakeFiles/cmTC_d3476.dir/CMakeCCompilerABI.c.o]
  ignore line: [/Library/Developer/CommandLineTools/usr/bin/cc   -isysroot /Library/Developer/CommandLineTools/SDKs/MacOSX10.15.sdk   -o CMakeFiles/cmTC_d3476.dir/CMakeCCompilerABI.c.o   -c /usr/local/Cellar/cmake/3.13.4/share/cmake/Modules/CMakeCCompilerABI.c]
  ignore line: [Linking C executable cmTC_d3476]
  ignore line: [/usr/local/Cellar/cmake/3.13.4/bin/cmake -E cmake_link_script CMakeFiles/cmTC_d3476.dir/link.txt --verbose=1]
  ignore line: [/Library/Developer/CommandLineTools/usr/bin/cc   -isysroot /Library/Developer/CommandLineTools/SDKs/MacOSX10.15.sdk -Wl,-search_paths_first -Wl,-headerpad_max_install_names  -v -Wl,-v CMakeFiles/cmTC_d3476.dir/CMakeCCompilerABI.c.o  -o cmTC_d3476 ]
  ignore line: [Apple clang version 11.0.3 (clang-1103.0.32.62)]
  ignore line: [Target: x86_64-apple-darwin19.5.0]
  ignore line: [Thread model: posix]
  ignore line: [InstalledDir: /Library/Developer/CommandLineTools/usr/bin]
  link line: [ "/Library/Developer/CommandLineTools/usr/bin/ld" -demangle -lto_library /Library/Developer/CommandLineTools/usr/lib/libLTO.dylib -dynamic -arch x86_64 -platform_version macos 10.15.0 10.15.4 -syslibroot /Library/Developer/CommandLineTools/SDKs/MacOSX10.15.sdk -o cmTC_d3476 -search_paths_first -headerpad_max_install_names -v CMakeFiles/cmTC_d3476.dir/CMakeCCompilerABI.c.o -L/opt/intel/compilers_and_libraries_2020.2.258/mac/compiler/lib -L/opt/intel/compilers_and_libraries_2020.2.258/mac/mkl/lib -L/opt/intel/compilers_and_libraries_2020.2.258/mac/tbb/lib -L/opt/intel/compilers_and_libraries_2020.2.258/mac/compiler/lib -L/opt/intel/compilers_and_libraries_2020.2.258/mac/mkl/lib -L/opt/intel/compilers_and_libraries_2020.2.258/mac/tbb/lib -lSystem /Library/Developer/CommandLineTools/usr/lib/clang/11.0.3/lib/darwin/libclang_rt.osx.a]
    arg [/Library/Developer/CommandLineTools/usr/bin/ld] ==> ignore
    arg [-demangle] ==> ignore
    arg [-lto_library] ==> ignore, skip following value
    arg [/Library/Developer/CommandLineTools/usr/lib/libLTO.dylib] ==> skip value of -lto_library
    arg [-dynamic] ==> ignore
    arg [-arch] ==> ignore
    arg [x86_64] ==> ignore
    arg [-platform_version] ==> ignore
    arg [macos] ==> ignore
    arg [10.15.0] ==> ignore
    arg [10.15.4] ==> ignore
    arg [-syslibroot] ==> ignore
    arg [/Library/Developer/CommandLineTools/SDKs/MacOSX10.15.sdk] ==> ignore
    arg [-o] ==> ignore
    arg [cmTC_d3476] ==> ignore
    arg [-search_paths_first] ==> ignore
    arg [-headerpad_max_install_names] ==> ignore
    arg [-v] ==> ignore
    arg [CMakeFiles/cmTC_d3476.dir/CMakeCCompilerABI.c.o] ==> ignore
    arg [-L/opt/intel/compilers_and_libraries_2020.2.258/mac/compiler/lib] ==> dir [/opt/intel/compilers_and_libraries_2020.2.258/mac/compiler/lib]
    arg [-L/opt/intel/compilers_and_libraries_2020.2.258/mac/mkl/lib] ==> dir [/opt/intel/compilers_and_libraries_2020.2.258/mac/mkl/lib]
    arg [-L/opt/intel/compilers_and_libraries_2020.2.258/mac/tbb/lib] ==> dir [/opt/intel/compilers_and_libraries_2020.2.258/mac/tbb/lib]
    arg [-L/opt/intel/compilers_and_libraries_2020.2.258/mac/compiler/lib] ==> dir [/opt/intel/compilers_and_libraries_2020.2.258/mac/compiler/lib]
    arg [-L/opt/intel/compilers_and_libraries_2020.2.258/mac/mkl/lib] ==> dir [/opt/intel/compilers_and_libraries_2020.2.258/mac/mkl/lib]
    arg [-L/opt/intel/compilers_and_libraries_2020.2.258/mac/tbb/lib] ==> dir [/opt/intel/compilers_and_libraries_2020.2.258/mac/tbb/lib]
    arg [-lSystem] ==> lib [System]
    arg [/Library/Developer/CommandLineTools/usr/lib/clang/11.0.3/lib/darwin/libclang_rt.osx.a] ==> lib [/Library/Developer/CommandLineTools/usr/lib/clang/11.0.3/lib/darwin/libclang_rt.osx.a]
  Library search paths: [;/opt/intel/compilers_and_libraries_2020.2.258/mac/compiler/lib;/opt/intel/compilers_and_libraries_2020.2.258/mac/mkl/lib;/opt/intel/compilers_and_libraries_2020.2.258/mac/tbb/lib;/opt/intel/compilers_and_libraries_2020.2.258/mac/compiler/lib;/opt/intel/compilers_and_libraries_2020.2.258/mac/mkl/lib;/opt/intel/compilers_and_libraries_2020.2.258/mac/tbb/lib;/Library/Developer/CommandLineTools/SDKs/MacOSX10.15.sdk/usr/lib]
  Framework search paths: [;/Library/Developer/CommandLineTools/SDKs/MacOSX10.15.sdk/System/Library/Frameworks/]
  remove lib [System]
  remove lib [/Library/Developer/CommandLineTools/usr/lib/clang/11.0.3/lib/darwin/libclang_rt.osx.a]
  collapse library dir [/opt/intel/compilers_and_libraries_2020.2.258/mac/compiler/lib] ==> [/opt/intel/compilers_and_libraries_2020.2.258/mac/compiler/lib]
  collapse library dir [/opt/intel/compilers_and_libraries_2020.2.258/mac/mkl/lib] ==> [/opt/intel/compilers_and_libraries_2020.2.258/mac/mkl/lib]
  collapse library dir [/opt/intel/compilers_and_libraries_2020.2.258/mac/tbb/lib] ==> [/opt/intel/compilers_and_libraries_2020.2.258/mac/tbb/lib]
  collapse library dir [/opt/intel/compilers_and_libraries_2020.2.258/mac/compiler/lib] ==> [/opt/intel/compilers_and_libraries_2020.2.258/mac/compiler/lib]
  collapse library dir [/opt/intel/compilers_and_libraries_2020.2.258/mac/mkl/lib] ==> [/opt/intel/compilers_and_libraries_2020.2.258/mac/mkl/lib]
  collapse library dir [/opt/intel/compilers_and_libraries_2020.2.258/mac/tbb/lib] ==> [/opt/intel/compilers_and_libraries_2020.2.258/mac/tbb/lib]
  collapse library dir [/opt/intel/compilers_and_libraries_2020.2.258/mac/compiler/lib] ==> [/opt/intel/compilers_and_libraries_2020.2.258/mac/compiler/lib]
  collapse library dir [/opt/intel/compilers_and_libraries_2020.2.258/mac/mkl/lib] ==> [/opt/intel/compilers_and_libraries_2020.2.258/mac/mkl/lib]
  collapse library dir [/opt/intel/compilers_and_libraries_2020.2.258/mac/tbb/lib] ==> [/opt/intel/compilers_and_libraries_2020.2.258/mac/tbb/lib]
  collapse library dir [/opt/intel/compilers_and_libraries_2020.2.258/mac/compiler/lib] ==> [/opt/intel/compilers_and_libraries_2020.2.258/mac/compiler/lib]
  collapse library dir [/opt/intel/compilers_and_libraries_2020.2.258/mac/mkl/lib] ==> [/opt/intel/compilers_and_libraries_2020.2.258/mac/mkl/lib]
  collapse library dir [/opt/intel/compilers_and_libraries_2020.2.258/mac/tbb/lib] ==> [/opt/intel/compilers_and_libraries_2020.2.258/mac/tbb/lib]
  collapse library dir [/Library/Developer/CommandLineTools/SDKs/MacOSX10.15.sdk/usr/lib] ==> [/Library/Developer/CommandLineTools/SDKs/MacOSX10.15.sdk/usr/lib]
  collapse framework dir [/Library/Developer/CommandLineTools/SDKs/MacOSX10.15.sdk/System/Library/Frameworks/] ==> [/Library/Developer/CommandLineTools/SDKs/MacOSX10.15.sdk/System/Library/Frameworks]
  implicit libs: []
  implicit dirs: [/opt/intel/compilers_and_libraries_2020.2.258/mac/compiler/lib;/opt/intel/compilers_and_libraries_2020.2.258/mac/mkl/lib;/opt/intel/compilers_and_libraries_2020.2.258/mac/tbb/lib;/Library/Developer/CommandLineTools/SDKs/MacOSX10.15.sdk/usr/lib]
  implicit fwks: [/Library/Developer/CommandLineTools/SDKs/MacOSX10.15.sdk/System/Library/Frameworks]




Detecting C [-std=c11] compiler features compiled with the following output:
Change Dir: /Users/marcolyu/Documents/workspace/video-game-sales-predictor/src/CMakeFiles/CMakeTmp

Run Build Command:"/usr/bin/make" "cmTC_98a9d/fast"
/Library/Developer/CommandLineTools/usr/bin/make -f CMakeFiles/cmTC_98a9d.dir/build.make CMakeFiles/cmTC_98a9d.dir/build
Building C object CMakeFiles/cmTC_98a9d.dir/feature_tests.c.o
/Library/Developer/CommandLineTools/usr/bin/cc   -isysroot /Library/Developer/CommandLineTools/SDKs/MacOSX10.15.sdk   -std=c11 -o CMakeFiles/cmTC_98a9d.dir/feature_tests.c.o   -c /Users/marcolyu/Documents/workspace/video-game-sales-predictor/src/CMakeFiles/feature_tests.c
Linking C executable cmTC_98a9d
/usr/local/Cellar/cmake/3.13.4/bin/cmake -E cmake_link_script CMakeFiles/cmTC_98a9d.dir/link.txt --verbose=1
/Library/Developer/CommandLineTools/usr/bin/cc   -isysroot /Library/Developer/CommandLineTools/SDKs/MacOSX10.15.sdk -Wl,-search_paths_first -Wl,-headerpad_max_install_names   CMakeFiles/cmTC_98a9d.dir/feature_tests.c.o  -o cmTC_98a9d 


    Feature record: C_FEATURE:1c_function_prototypes
    Feature record: C_FEATURE:1c_restrict
    Feature record: C_FEATURE:1c_static_assert
    Feature record: C_FEATURE:1c_variadic_macros


Detecting C [-std=c99] compiler features compiled with the following output:
Change Dir: /Users/marcolyu/Documents/workspace/video-game-sales-predictor/src/CMakeFiles/CMakeTmp

Run Build Command:"/usr/bin/make" "cmTC_85c2c/fast"
/Library/Developer/CommandLineTools/usr/bin/make -f CMakeFiles/cmTC_85c2c.dir/build.make CMakeFiles/cmTC_85c2c.dir/build
Building C object CMakeFiles/cmTC_85c2c.dir/feature_tests.c.o
/Library/Developer/CommandLineTools/usr/bin/cc   -isysroot /Library/Developer/CommandLineTools/SDKs/MacOSX10.15.sdk   -std=c99 -o CMakeFiles/cmTC_85c2c.dir/feature_tests.c.o   -c /Users/marcolyu/Documents/workspace/video-game-sales-predictor/src/CMakeFiles/feature_tests.c
Linking C executable cmTC_85c2c
/usr/local/Cellar/cmake/3.13.4/bin/cmake -E cmake_link_script CMakeFiles/cmTC_85c2c.dir/link.txt --verbose=1
/Library/Developer/CommandLineTools/usr/bin/cc   -isysroot /Library/Developer/CommandLineTools/SDKs/MacOSX10.15.sdk -Wl,-search_paths_first -Wl,-headerpad_max_install_names   CMakeFiles/cmTC_85c2c.dir/feature_tests.c.o  -o cmTC_85c2c 


    Feature record: C_FEATURE:1c_function_prototypes
    Feature record: C_FEATURE:1c_restrict
    Feature record: C_FEATURE:0c_static_assert
    Feature record: C_FEATURE:1c_variadic_macros


Detecting C [-std=c90] compiler features compiled with the following output:
Change Dir: /Users/marcolyu/Documents/workspace/video-game-sales-predictor/src/CMakeFiles/CMakeTmp

Run Build Command:"/usr/bin/make" "cmTC_74939/fast"
/Library/Developer/CommandLineTools/usr/bin/make -f CMakeFiles/cmTC_74939.dir/build.make CMakeFiles/cmTC_74939.dir/build
Building C object CMakeFiles/cmTC_74939.dir/feature_tests.c.o
/Library/Developer/CommandLineTools/usr/bin/cc   -isysroot /Library/Developer/CommandLineTools/SDKs/MacOSX10.15.sdk   -std=c90 -o CMakeFiles/cmTC_74939.dir/feature_tests.c.o   -c /Users/marcolyu/Documents/workspace/video-game-sales-predictor/src/CMakeFiles/feature_tests.c
Linking C executable cmTC_74939
/usr/local/Cellar/cmake/3.13.4/bin/cmake -E cmake_link_script CMakeFiles/cmTC_74939.dir/link.txt --verbose=1
/Library/Developer/CommandLineTools/usr/bin/cc   -isysroot /Library/Developer/CommandLineTools/SDKs/MacOSX10.15.sdk -Wl,-search_paths_first -Wl,-headerpad_max_install_names   CMakeFiles/cmTC_74939.dir/feature_tests.c.o  -o cmTC_74939 


    Feature record: C_FEATURE:1c_function_prototypes
    Feature record: C_FEATURE:0c_restrict
    Feature record: C_FEATURE:0c_static_assert
    Feature record: C_FEATURE:0c_variadic_macros
Determining if the CXX compiler works passed with the following output:
Change Dir: /Users/marcolyu/Documents/workspace/video-game-sales-predictor/src/CMakeFiles/CMakeTmp

Run Build Command:"/usr/bin/make" "cmTC_f5d38/fast"
/Library/Developer/CommandLineTools/usr/bin/make -f CMakeFiles/cmTC_f5d38.dir/build.make CMakeFiles/cmTC_f5d38.dir/build
Building CXX object CMakeFiles/cmTC_f5d38.dir/testCXXCompiler.cxx.o
/Library/Developer/CommandLineTools/usr/bin/c++    -isysroot /Library/Developer/CommandLineTools/SDKs/MacOSX10.15.sdk   -o CMakeFiles/cmTC_f5d38.dir/testCXXCompiler.cxx.o -c /Users/marcolyu/Documents/workspace/video-game-sales-predictor/src/CMakeFiles/CMakeTmp/testCXXCompiler.cxx
Linking CXX executable cmTC_f5d38
/usr/local/Cellar/cmake/3.13.4/bin/cmake -E cmake_link_script CMakeFiles/cmTC_f5d38.dir/link.txt --verbose=1
/Library/Developer/CommandLineTools/usr/bin/c++    -isysroot /Library/Developer/CommandLineTools/SDKs/MacOSX10.15.sdk -Wl,-search_paths_first -Wl,-headerpad_max_install_names   CMakeFiles/cmTC_f5d38.dir/testCXXCompiler.cxx.o  -o cmTC_f5d38 


Detecting CXX compiler ABI info compiled with the following output:
Change Dir: /Users/marcolyu/Documents/workspace/video-game-sales-predictor/src/CMakeFiles/CMakeTmp

Run Build Command:"/usr/bin/make" "cmTC_05354/fast"
/Library/Developer/CommandLineTools/usr/bin/make -f CMakeFiles/cmTC_05354.dir/build.make CMakeFiles/cmTC_05354.dir/build
Building CXX object CMakeFiles/cmTC_05354.dir/CMakeCXXCompilerABI.cpp.o
/Library/Developer/CommandLineTools/usr/bin/c++    -isysroot /Library/Developer/CommandLineTools/SDKs/MacOSX10.15.sdk   -o CMakeFiles/cmTC_05354.dir/CMakeCXXCompilerABI.cpp.o -c /usr/local/Cellar/cmake/3.13.4/share/cmake/Modules/CMakeCXXCompilerABI.cpp
Linking CXX executable cmTC_05354
/usr/local/Cellar/cmake/3.13.4/bin/cmake -E cmake_link_script CMakeFiles/cmTC_05354.dir/link.txt --verbose=1
/Library/Developer/CommandLineTools/usr/bin/c++    -isysroot /Library/Developer/CommandLineTools/SDKs/MacOSX10.15.sdk -Wl,-search_paths_first -Wl,-headerpad_max_install_names  -v -Wl,-v CMakeFiles/cmTC_05354.dir/CMakeCXXCompilerABI.cpp.o  -o cmTC_05354 
Apple clang version 11.0.3 (clang-1103.0.32.62)
Target: x86_64-apple-darwin19.5.0
Thread model: posix
InstalledDir: /Library/Developer/CommandLineTools/usr/bin
 "/Library/Developer/CommandLineTools/usr/bin/ld" -demangle -lto_library /Library/Developer/CommandLineTools/usr/lib/libLTO.dylib -dynamic -arch x86_64 -platform_version macos 10.15.0 10.15.4 -syslibroot /Library/Developer/CommandLineTools/SDKs/MacOSX10.15.sdk -o cmTC_05354 -search_paths_first -headerpad_max_install_names -v CMakeFiles/cmTC_05354.dir/CMakeCXXCompilerABI.cpp.o -L/opt/intel/compilers_and_libraries_2020.2.258/mac/compiler/lib -L/opt/intel/compilers_and_libraries_2020.2.258/mac/mkl/lib -L/opt/intel/compilers_and_libraries_2020.2.258/mac/tbb/lib -L/opt/intel/compilers_and_libraries_2020.2.258/mac/compiler/lib -L/opt/intel/compilers_and_libraries_2020.2.258/mac/mkl/lib -L/opt/intel/compilers_and_libraries_2020.2.258/mac/tbb/lib -lc++ -lSystem /Library/Developer/CommandLineTools/usr/lib/clang/11.0.3/lib/darwin/libclang_rt.osx.a
@(#)PROGRAM:ld  PROJECT:ld64-556.6
BUILD 17:57:49 Apr 24 2020
configured to support archs: armv6 armv7 armv7s arm64 arm64e arm64_32 i386 x86_64 x86_64h armv6m armv7k armv7m armv7em
Library search paths:
	/opt/intel/compilers_and_libraries_2020.2.258/mac/compiler/lib
	/opt/intel/compilers_and_libraries_2020.2.258/mac/mkl/lib
	/opt/intel/compilers_and_libraries_2020.2.258/mac/tbb/lib
	/opt/intel/compilers_and_libraries_2020.2.258/mac/compiler/lib
	/opt/intel/compilers_and_libraries_2020.2.258/mac/mkl/lib
	/opt/intel/compilers_and_libraries_2020.2.258/mac/tbb/lib
	/Library/Developer/CommandLineTools/SDKs/MacOSX10.15.sdk/usr/lib
Framework search paths:
	/Library/Developer/CommandLineTools/SDKs/MacOSX10.15.sdk/System/Library/Frameworks/


Parsed CXX implicit link information from above output:
  link line regex: [^( *|.*[/\])(ld|CMAKE_LINK_STARTFILE-NOTFOUND|([^/\]+-)?ld|collect2)[^/\]*( |$)]
  ignore line: [Change Dir: /Users/marcolyu/Documents/workspace/video-game-sales-predictor/src/CMakeFiles/CMakeTmp]
  ignore line: []
  ignore line: [Run Build Command:"/usr/bin/make" "cmTC_05354/fast"]
  ignore line: [/Library/Developer/CommandLineTools/usr/bin/make -f CMakeFiles/cmTC_05354.dir/build.make CMakeFiles/cmTC_05354.dir/build]
  ignore line: [Building CXX object CMakeFiles/cmTC_05354.dir/CMakeCXXCompilerABI.cpp.o]
  ignore line: [/Library/Developer/CommandLineTools/usr/bin/c++    -isysroot /Library/Developer/CommandLineTools/SDKs/MacOSX10.15.sdk   -o CMakeFiles/cmTC_05354.dir/CMakeCXXCompilerABI.cpp.o -c /usr/local/Cellar/cmake/3.13.4/share/cmake/Modules/CMakeCXXCompilerABI.cpp]
  ignore line: [Linking CXX executable cmTC_05354]
  ignore line: [/usr/local/Cellar/cmake/3.13.4/bin/cmake -E cmake_link_script CMakeFiles/cmTC_05354.dir/link.txt --verbose=1]
  ignore line: [/Library/Developer/CommandLineTools/usr/bin/c++    -isysroot /Library/Developer/CommandLineTools/SDKs/MacOSX10.15.sdk -Wl,-search_paths_first -Wl,-headerpad_max_install_names  -v -Wl,-v CMakeFiles/cmTC_05354.dir/CMakeCXXCompilerABI.cpp.o  -o cmTC_05354 ]
  ignore line: [Apple clang version 11.0.3 (clang-1103.0.32.62)]
  ignore line: [Target: x86_64-apple-darwin19.5.0]
  ignore line: [Thread model: posix]
  ignore line: [InstalledDir: /Library/Developer/CommandLineTools/usr/bin]
  link line: [ "/Library/Developer/CommandLineTools/usr/bin/ld" -demangle -lto_library /Library/Developer/CommandLineTools/usr/lib/libLTO.dylib -dynamic -arch x86_64 -platform_version macos 10.15.0 10.15.4 -syslibroot /Library/Developer/CommandLineTools/SDKs/MacOSX10.15.sdk -o cmTC_05354 -search_paths_first -headerpad_max_install_names -v CMakeFiles/cmTC_05354.dir/CMakeCXXCompilerABI.cpp.o -L/opt/intel/compilers_and_libraries_2020.2.258/mac/compiler/lib -L/opt/intel/compilers_and_libraries_2020.2.258/mac/mkl/lib -L/opt/intel/compilers_and_libraries_2020.2.258/mac/tbb/lib -L/opt/intel/compilers_and_libraries_2020.2.258/mac/compiler/lib -L/opt/intel/compilers_and_libraries_2020.2.258/mac/mkl/lib -L/opt/intel/compilers_and_libraries_2020.2.258/mac/tbb/lib -lc++ -lSystem /Library/Developer/CommandLineTools/usr/lib/clang/11.0.3/lib/darwin/libclang_rt.osx.a]
    arg [/Library/Developer/CommandLineTools/usr/bin/ld] ==> ignore
    arg [-demangle] ==> ignore
    arg [-lto_library] ==> ignore, skip following value
    arg [/Library/Developer/CommandLineTools/usr/lib/libLTO.dylib] ==> skip value of -lto_library
    arg [-dynamic] ==> ignore
    arg [-arch] ==> ignore
    arg [x86_64] ==> ignore
    arg [-platform_version] ==> ignore
    arg [macos] ==> ignore
    arg [10.15.0] ==> ignore
    arg [10.15.4] ==> ignore
    arg [-syslibroot] ==> ignore
    arg [/Library/Developer/CommandLineTools/SDKs/MacOSX10.15.sdk] ==> ignore
    arg [-o] ==> ignore
    arg [cmTC_05354] ==> ignore
    arg [-search_paths_first] ==> ignore
    arg [-headerpad_max_install_names] ==> ignore
    arg [-v] ==> ignore
    arg [CMakeFiles/cmTC_05354.dir/CMakeCXXCompilerABI.cpp.o] ==> ignore
    arg [-L/opt/intel/compilers_and_libraries_2020.2.258/mac/compiler/lib] ==> dir [/opt/intel/compilers_and_libraries_2020.2.258/mac/compiler/lib]
    arg [-L/opt/intel/compilers_and_libraries_2020.2.258/mac/mkl/lib] ==> dir [/opt/intel/compilers_and_libraries_2020.2.258/mac/mkl/lib]
    arg [-L/opt/intel/compilers_and_libraries_2020.2.258/mac/tbb/lib] ==> dir [/opt/intel/compilers_and_libraries_2020.2.258/mac/tbb/lib]
    arg [-L/opt/intel/compilers_and_libraries_2020.2.258/mac/compiler/lib] ==> dir [/opt/intel/compilers_and_libraries_2020.2.258/mac/compiler/lib]
    arg [-L/opt/intel/compilers_and_libraries_2020.2.258/mac/mkl/lib] ==> dir [/opt/intel/compilers_and_libraries_2020.2.258/mac/mkl/lib]
    arg [-L/opt/intel/compilers_and_libraries_2020.2.258/mac/tbb/lib] ==> dir [/opt/intel/compilers_and_libraries_2020.2.258/mac/tbb/lib]
    arg [-lc++] ==> lib [c++]
    arg [-lSystem] ==> lib [System]
    arg [/Library/Developer/CommandLineTools/usr/lib/clang/11.0.3/lib/darwin/libclang_rt.osx.a] ==> lib [/Library/Developer/CommandLineTools/usr/lib/clang/11.0.3/lib/darwin/libclang_rt.osx.a]
  Library search paths: [;/opt/intel/compilers_and_libraries_2020.2.258/mac/compiler/lib;/opt/intel/compilers_and_libraries_2020.2.258/mac/mkl/lib;/opt/intel/compilers_and_libraries_2020.2.258/mac/tbb/lib;/opt/intel/compilers_and_libraries_2020.2.258/mac/compiler/lib;/opt/intel/compilers_and_libraries_2020.2.258/mac/mkl/lib;/opt/intel/compilers_and_libraries_2020.2.258/mac/tbb/lib;/Library/Developer/CommandLineTools/SDKs/MacOSX10.15.sdk/usr/lib]
  Framework search paths: [;/Library/Developer/CommandLineTools/SDKs/MacOSX10.15.sdk/System/Library/Frameworks/]
  remove lib [System]
  remove lib [/Library/Developer/CommandLineTools/usr/lib/clang/11.0.3/lib/darwin/libclang_rt.osx.a]
  collapse library dir [/opt/intel/compilers_and_libraries_2020.2.258/mac/compiler/lib] ==> [/opt/intel/compilers_and_libraries_2020.2.258/mac/compiler/lib]
  collapse library dir [/opt/intel/compilers_and_libraries_2020.2.258/mac/mkl/lib] ==> [/opt/intel/compilers_and_libraries_2020.2.258/mac/mkl/lib]
  collapse library dir [/opt/intel/compilers_and_libraries_2020.2.258/mac/tbb/lib] ==> [/opt/intel/compilers_and_libraries_2020.2.258/mac/tbb/lib]
  collapse library dir [/opt/intel/compilers_and_libraries_2020.2.258/mac/compiler/lib] ==> [/opt/intel/compilers_and_libraries_2020.2.258/mac/compiler/lib]
  collapse library dir [/opt/intel/compilers_and_libraries_2020.2.258/mac/mkl/lib] ==> [/opt/intel/compilers_and_libraries_2020.2.258/mac/mkl/lib]
  collapse library dir [/opt/intel/compilers_and_libraries_2020.2.258/mac/tbb/lib] ==> [/opt/intel/compilers_and_libraries_2020.2.258/mac/tbb/lib]
  collapse library dir [/opt/intel/compilers_and_libraries_2020.2.258/mac/compiler/lib] ==> [/opt/intel/compilers_and_libraries_2020.2.258/mac/compiler/lib]
  collapse library dir [/opt/intel/compilers_and_libraries_2020.2.258/mac/mkl/lib] ==> [/opt/intel/compilers_and_libraries_2020.2.258/mac/mkl/lib]
  collapse library dir [/opt/intel/compilers_and_libraries_2020.2.258/mac/tbb/lib] ==> [/opt/intel/compilers_and_libraries_2020.2.258/mac/tbb/lib]
  collapse library dir [/opt/intel/compilers_and_libraries_2020.2.258/mac/compiler/lib] ==> [/opt/intel/compilers_and_libraries_2020.2.258/mac/compiler/lib]
  collapse library dir [/opt/intel/compilers_and_libraries_2020.2.258/mac/mkl/lib] ==> [/opt/intel/compilers_and_libraries_2020.2.258/mac/mkl/lib]
  collapse library dir [/opt/intel/compilers_and_libraries_2020.2.258/mac/tbb/lib] ==> [/opt/intel/compilers_and_libraries_2020.2.258/mac/tbb/lib]
  collapse library dir [/Library/Developer/CommandLineTools/SDKs/MacOSX10.15.sdk/usr/lib] ==> [/Library/Developer/CommandLineTools/SDKs/MacOSX10.15.sdk/usr/lib]
  collapse framework dir [/Library/Developer/CommandLineTools/SDKs/MacOSX10.15.sdk/System/Library/Frameworks/] ==> [/Library/Developer/CommandLineTools/SDKs/MacOSX10.15.sdk/System/Library/Frameworks]
  implicit libs: [c++]
  implicit dirs: [/opt/intel/compilers_and_libraries_2020.2.258/mac/compiler/lib;/opt/intel/compilers_and_libraries_2020.2.258/mac/mkl/lib;/opt/intel/compilers_and_libraries_2020.2.258/mac/tbb/lib;/Library/Developer/CommandLineTools/SDKs/MacOSX10.15.sdk/usr/lib]
  implicit fwks: [/Library/Developer/CommandLineTools/SDKs/MacOSX10.15.sdk/System/Library/Frameworks]




Detecting CXX [-std=c++1z] compiler features compiled with the following output:
Change Dir: /Users/marcolyu/Documents/workspace/video-game-sales-predictor/src/CMakeFiles/CMakeTmp

Run Build Command:"/usr/bin/make" "cmTC_415df/fast"
/Library/Developer/CommandLineTools/usr/bin/make -f CMakeFiles/cmTC_415df.dir/build.make CMakeFiles/cmTC_415df.dir/build
Building CXX object CMakeFiles/cmTC_415df.dir/feature_tests.cxx.o
/Library/Developer/CommandLineTools/usr/bin/c++    -isysroot /Library/Developer/CommandLineTools/SDKs/MacOSX10.15.sdk   -std=c++1z -o CMakeFiles/cmTC_415df.dir/feature_tests.cxx.o -c /Users/marcolyu/Documents/workspace/video-game-sales-predictor/src/CMakeFiles/feature_tests.cxx
Linking CXX executable cmTC_415df
/usr/local/Cellar/cmake/3.13.4/bin/cmake -E cmake_link_script CMakeFiles/cmTC_415df.dir/link.txt --verbose=1
/Library/Developer/CommandLineTools/usr/bin/c++    -isysroot /Library/Developer/CommandLineTools/SDKs/MacOSX10.15.sdk -Wl,-search_paths_first -Wl,-headerpad_max_install_names   CMakeFiles/cmTC_415df.dir/feature_tests.cxx.o  -o cmTC_415df 


    Feature record: CXX_FEATURE:1cxx_aggregate_default_initializers
    Feature record: CXX_FEATURE:1cxx_alias_templates
    Feature record: CXX_FEATURE:1cxx_alignas
    Feature record: CXX_FEATURE:1cxx_alignof
    Feature record: CXX_FEATURE:1cxx_attributes
    Feature record: CXX_FEATURE:1cxx_attribute_deprecated
    Feature record: CXX_FEATURE:1cxx_auto_type
    Feature record: CXX_FEATURE:1cxx_binary_literals
    Feature record: CXX_FEATURE:1cxx_constexpr
    Feature record: CXX_FEATURE:1cxx_contextual_conversions
    Feature record: CXX_FEATURE:1cxx_decltype
    Feature record: CXX_FEATURE:1cxx_decltype_auto
    Feature record: CXX_FEATURE:1cxx_decltype_incomplete_return_types
    Feature record: CXX_FEATURE:1cxx_default_function_template_args
    Feature record: CXX_FEATURE:1cxx_defaulted_functions
    Feature record: CXX_FEATURE:1cxx_defaulted_move_initializers
    Feature record: CXX_FEATURE:1cxx_delegating_constructors
    Feature record: CXX_FEATURE:1cxx_deleted_functions
    Feature record: CXX_FEATURE:1cxx_digit_separators
    Feature record: CXX_FEATURE:1cxx_enum_forward_declarations
    Feature record: CXX_FEATURE:1cxx_explicit_conversions
    Feature record: CXX_FEATURE:1cxx_extended_friend_declarations
    Feature record: CXX_FEATURE:1cxx_extern_templates
    Feature record: CXX_FEATURE:1cxx_final
    Feature record: CXX_FEATURE:1cxx_func_identifier
    Feature record: CXX_FEATURE:1cxx_generalized_initializers
    Feature record: CXX_FEATURE:1cxx_generic_lambdas
    Feature record: CXX_FEATURE:1cxx_inheriting_constructors
    Feature record: CXX_FEATURE:1cxx_inline_namespaces
    Feature record: CXX_FEATURE:1cxx_lambdas
    Feature record: CXX_FEATURE:1cxx_lambda_init_captures
    Feature record: CXX_FEATURE:1cxx_local_type_template_args
    Feature record: CXX_FEATURE:1cxx_long_long_type
    Feature record: CXX_FEATURE:1cxx_noexcept
    Feature record: CXX_FEATURE:1cxx_nonstatic_member_init
    Feature record: CXX_FEATURE:1cxx_nullptr
    Feature record: CXX_FEATURE:1cxx_override
    Feature record: CXX_FEATURE:1cxx_range_for
    Feature record: CXX_FEATURE:1cxx_raw_string_literals
    Feature record: CXX_FEATURE:1cxx_reference_qualified_functions
    Feature record: CXX_FEATURE:1cxx_relaxed_constexpr
    Feature record: CXX_FEATURE:1cxx_return_type_deduction
    Feature record: CXX_FEATURE:1cxx_right_angle_brackets
    Feature record: CXX_FEATURE:1cxx_rvalue_references
    Feature record: CXX_FEATURE:1cxx_sizeof_member
    Feature record: CXX_FEATURE:1cxx_static_assert
    Feature record: CXX_FEATURE:1cxx_strong_enums
    Feature record: CXX_FEATURE:1cxx_template_template_parameters
    Feature record: CXX_FEATURE:1cxx_thread_local
    Feature record: CXX_FEATURE:1cxx_trailing_return_types
    Feature record: CXX_FEATURE:1cxx_unicode_literals
    Feature record: CXX_FEATURE:1cxx_uniform_initialization
    Feature record: CXX_FEATURE:1cxx_unrestricted_unions
    Feature record: CXX_FEATURE:1cxx_user_literals
    Feature record: CXX_FEATURE:1cxx_variable_templates
    Feature record: CXX_FEATURE:1cxx_variadic_macros
    Feature record: CXX_FEATURE:1cxx_variadic_templates


Detecting CXX [-std=c++14] compiler features compiled with the following output:
Change Dir: /Users/marcolyu/Documents/workspace/video-game-sales-predictor/src/CMakeFiles/CMakeTmp

Run Build Command:"/usr/bin/make" "cmTC_7ec54/fast"
/Library/Developer/CommandLineTools/usr/bin/make -f CMakeFiles/cmTC_7ec54.dir/build.make CMakeFiles/cmTC_7ec54.dir/build
Building CXX object CMakeFiles/cmTC_7ec54.dir/feature_tests.cxx.o
/Library/Developer/CommandLineTools/usr/bin/c++    -isysroot /Library/Developer/CommandLineTools/SDKs/MacOSX10.15.sdk   -std=c++14 -o CMakeFiles/cmTC_7ec54.dir/feature_tests.cxx.o -c /Users/marcolyu/Documents/workspace/video-game-sales-predictor/src/CMakeFiles/feature_tests.cxx
Linking CXX executable cmTC_7ec54
/usr/local/Cellar/cmake/3.13.4/bin/cmake -E cmake_link_script CMakeFiles/cmTC_7ec54.dir/link.txt --verbose=1
/Library/Developer/CommandLineTools/usr/bin/c++    -isysroot /Library/Developer/CommandLineTools/SDKs/MacOSX10.15.sdk -Wl,-search_paths_first -Wl,-headerpad_max_install_names   CMakeFiles/cmTC_7ec54.dir/feature_tests.cxx.o  -o cmTC_7ec54 


    Feature record: CXX_FEATURE:1cxx_aggregate_default_initializers
    Feature record: CXX_FEATURE:1cxx_alias_templates
    Feature record: CXX_FEATURE:1cxx_alignas
    Feature record: CXX_FEATURE:1cxx_alignof
    Feature record: CXX_FEATURE:1cxx_attributes
    Feature record: CXX_FEATURE:1cxx_attribute_deprecated
    Feature record: CXX_FEATURE:1cxx_auto_type
    Feature record: CXX_FEATURE:1cxx_binary_literals
    Feature record: CXX_FEATURE:1cxx_constexpr
    Feature record: CXX_FEATURE:1cxx_contextual_conversions
    Feature record: CXX_FEATURE:1cxx_decltype
    Feature record: CXX_FEATURE:1cxx_decltype_auto
    Feature record: CXX_FEATURE:1cxx_decltype_incomplete_return_types
    Feature record: CXX_FEATURE:1cxx_default_function_template_args
    Feature record: CXX_FEATURE:1cxx_defaulted_functions
    Feature record: CXX_FEATURE:1cxx_defaulted_move_initializers
    Feature record: CXX_FEATURE:1cxx_delegating_constructors
    Feature record: CXX_FEATURE:1cxx_deleted_functions
    Feature record: CXX_FEATURE:1cxx_digit_separators
    Feature record: CXX_FEATURE:1cxx_enum_forward_declarations
    Feature record: CXX_FEATURE:1cxx_explicit_conversions
    Feature record: CXX_FEATURE:1cxx_extended_friend_declarations
    Feature record: CXX_FEATURE:1cxx_extern_templates
    Feature record: CXX_FEATURE:1cxx_final
    Feature record: CXX_FEATURE:1cxx_func_identifier
    Feature record: CXX_FEATURE:1cxx_generalized_initializers
    Feature record: CXX_FEATURE:1cxx_generic_lambdas
    Feature record: CXX_FEATURE:1cxx_inheriting_constructors
    Feature record: CXX_FEATURE:1cxx_inline_namespaces
    Feature record: CXX_FEATURE:1cxx_lambdas
    Feature record: CXX_FEATURE:1cxx_lambda_init_captures
    Feature record: CXX_FEATURE:1cxx_local_type_template_args
    Feature record: CXX_FEATURE:1cxx_long_long_type
    Feature record: CXX_FEATURE:1cxx_noexcept
    Feature record: CXX_FEATURE:1cxx_nonstatic_member_init
    Feature record: CXX_FEATURE:1cxx_nullptr
    Feature record: CXX_FEATURE:1cxx_override
    Feature record: CXX_FEATURE:1cxx_range_for
    Feature record: CXX_FEATURE:1cxx_raw_string_literals
    Feature record: CXX_FEATURE:1cxx_reference_qualified_functions
    Feature record: CXX_FEATURE:1cxx_relaxed_constexpr
    Feature record: CXX_FEATURE:1cxx_return_type_deduction
    Feature record: CXX_FEATURE:1cxx_right_angle_brackets
    Feature record: CXX_FEATURE:1cxx_rvalue_references
    Feature record: CXX_FEATURE:1cxx_sizeof_member
    Feature record: CXX_FEATURE:1cxx_static_assert
    Feature record: CXX_FEATURE:1cxx_strong_enums
    Feature record: CXX_FEATURE:1cxx_template_template_parameters
    Feature record: CXX_FEATURE:1cxx_thread_local
    Feature record: CXX_FEATURE:1cxx_trailing_return_types
    Feature record: CXX_FEATURE:1cxx_unicode_literals
    Feature record: CXX_FEATURE:1cxx_uniform_initialization
    Feature record: CXX_FEATURE:1cxx_unrestricted_unions
    Feature record: CXX_FEATURE:1cxx_user_literals
    Feature record: CXX_FEATURE:1cxx_variable_templates
    Feature record: CXX_FEATURE:1cxx_variadic_macros
    Feature record: CXX_FEATURE:1cxx_variadic_templates


Detecting CXX [-std=c++11] compiler features compiled with the following output:
Change Dir: /Users/marcolyu/Documents/workspace/video-game-sales-predictor/src/CMakeFiles/CMakeTmp

Run Build Command:"/usr/bin/make" "cmTC_995d7/fast"
/Library/Developer/CommandLineTools/usr/bin/make -f CMakeFiles/cmTC_995d7.dir/build.make CMakeFiles/cmTC_995d7.dir/build
Building CXX object CMakeFiles/cmTC_995d7.dir/feature_tests.cxx.o
/Library/Developer/CommandLineTools/usr/bin/c++    -isysroot /Library/Developer/CommandLineTools/SDKs/MacOSX10.15.sdk   -std=c++11 -o CMakeFiles/cmTC_995d7.dir/feature_tests.cxx.o -c /Users/marcolyu/Documents/workspace/video-game-sales-predictor/src/CMakeFiles/feature_tests.cxx
Linking CXX executable cmTC_995d7
/usr/local/Cellar/cmake/3.13.4/bin/cmake -E cmake_link_script CMakeFiles/cmTC_995d7.dir/link.txt --verbose=1
/Library/Developer/CommandLineTools/usr/bin/c++    -isysroot /Library/Developer/CommandLineTools/SDKs/MacOSX10.15.sdk -Wl,-search_paths_first -Wl,-headerpad_max_install_names   CMakeFiles/cmTC_995d7.dir/feature_tests.cxx.o  -o cmTC_995d7 


    Feature record: CXX_FEATURE:0cxx_aggregate_default_initializers
    Feature record: CXX_FEATURE:1cxx_alias_templates
    Feature record: CXX_FEATURE:1cxx_alignas
    Feature record: CXX_FEATURE:1cxx_alignof
    Feature record: CXX_FEATURE:1cxx_attributes
    Feature record: CXX_FEATURE:0cxx_attribute_deprecated
    Feature record: CXX_FEATURE:1cxx_auto_type
    Feature record: CXX_FEATURE:0cxx_binary_literals
    Feature record: CXX_FEATURE:1cxx_constexpr
    Feature record: CXX_FEATURE:0cxx_contextual_conversions
    Feature record: CXX_FEATURE:1cxx_decltype
    Feature record: CXX_FEATURE:0cxx_decltype_auto
    Feature record: CXX_FEATURE:1cxx_decltype_incomplete_return_types
    Feature record: CXX_FEATURE:1cxx_default_function_template_args
    Feature record: CXX_FEATURE:1cxx_defaulted_functions
    Feature record: CXX_FEATURE:1cxx_defaulted_move_initializers
    Feature record: CXX_FEATURE:1cxx_delegating_constructors
    Feature record: CXX_FEATURE:1cxx_deleted_functions
    Feature record: CXX_FEATURE:0cxx_digit_separators
    Feature record: CXX_FEATURE:1cxx_enum_forward_declarations
    Feature record: CXX_FEATURE:1cxx_explicit_conversions
    Feature record: CXX_FEATURE:1cxx_extended_friend_declarations
    Feature record: CXX_FEATURE:1cxx_extern_templates
    Feature record: CXX_FEATURE:1cxx_final
    Feature record: CXX_FEATURE:1cxx_func_identifier
    Feature record: CXX_FEATURE:1cxx_generalized_initializers
    Feature record: CXX_FEATURE:0cxx_generic_lambdas
    Feature record: CXX_FEATURE:1cxx_inheriting_constructors
    Feature record: CXX_FEATURE:1cxx_inline_namespaces
    Feature record: CXX_FEATURE:1cxx_lambdas
    Feature record: CXX_FEATURE:0cxx_lambda_init_captures
    Feature record: CXX_FEATURE:1cxx_local_type_template_args
    Feature record: CXX_FEATURE:1cxx_long_long_type
    Feature record: CXX_FEATURE:1cxx_noexcept
    Feature record: CXX_FEATURE:1cxx_nonstatic_member_init
    Feature record: CXX_FEATURE:1cxx_nullptr
    Feature record: CXX_FEATURE:1cxx_override
    Feature record: CXX_FEATURE:1cxx_range_for
    Feature record: CXX_FEATURE:1cxx_raw_string_literals
    Feature record: CXX_FEATURE:1cxx_reference_qualified_functions
    Feature record: CXX_FEATURE:0cxx_relaxed_constexpr
    Feature record: CXX_FEATURE:0cxx_return_type_deduction
    Feature record: CXX_FEATURE:1cxx_right_angle_brackets
    Feature record: CXX_FEATURE:1cxx_rvalue_references
    Feature record: CXX_FEATURE:1cxx_sizeof_member
    Feature record: CXX_FEATURE:1cxx_static_assert
    Feature record: CXX_FEATURE:1cxx_strong_enums
    Feature record: CXX_FEATURE:1cxx_template_template_parameters
    Feature record: CXX_FEATURE:1cxx_thread_local
    Feature record: CXX_FEATURE:1cxx_trailing_return_types
    Feature record: CXX_FEATURE:1cxx_unicode_literals
    Feature record: CXX_FEATURE:1cxx_uniform_initialization
    Feature record: CXX_FEATURE:1cxx_unrestricted_unions
    Feature record: CXX_FEATURE:1cxx_user_literals
    Feature record: CXX_FEATURE:0cxx_variable_templates
    Feature record: CXX_FEATURE:1cxx_variadic_macros
    Feature record: CXX_FEATURE:1cxx_variadic_templates


Detecting CXX [-std=c++98] compiler features compiled with the following output:
Change Dir: /Users/marcolyu/Documents/workspace/video-game-sales-predictor/src/CMakeFiles/CMakeTmp

Run Build Command:"/usr/bin/make" "cmTC_d4598/fast"
/Library/Developer/CommandLineTools/usr/bin/make -f CMakeFiles/cmTC_d4598.dir/build.make CMakeFiles/cmTC_d4598.dir/build
Building CXX object CMakeFiles/cmTC_d4598.dir/feature_tests.cxx.o
/Library/Developer/CommandLineTools/usr/bin/c++    -isysroot /Library/Developer/CommandLineTools/SDKs/MacOSX10.15.sdk   -std=c++98 -o CMakeFiles/cmTC_d4598.dir/feature_tests.cxx.o -c /Users/marcolyu/Documents/workspace/video-game-sales-predictor/src/CMakeFiles/feature_tests.cxx
Linking CXX executable cmTC_d4598
/usr/local/Cellar/cmake/3.13.4/bin/cmake -E cmake_link_script CMakeFiles/cmTC_d4598.dir/link.txt --verbose=1
/Library/Developer/CommandLineTools/usr/bin/c++    -isysroot /Library/Developer/CommandLineTools/SDKs/MacOSX10.15.sdk -Wl,-search_paths_first -Wl,-headerpad_max_install_names   CMakeFiles/cmTC_d4598.dir/feature_tests.cxx.o  -o cmTC_d4598 


    Feature record: CXX_FEATURE:0cxx_aggregate_default_initializers
    Feature record: CXX_FEATURE:0cxx_alias_templates
    Feature record: CXX_FEATURE:0cxx_alignas
    Feature record: CXX_FEATURE:0cxx_alignof
    Feature record: CXX_FEATURE:0cxx_attributes
    Feature record: CXX_FEATURE:0cxx_attribute_deprecated
    Feature record: CXX_FEATURE:0cxx_auto_type
    Feature record: CXX_FEATURE:0cxx_binary_literals
    Feature record: CXX_FEATURE:0cxx_constexpr
    Feature record: CXX_FEATURE:0cxx_contextual_conversions
    Feature record: CXX_FEATURE:0cxx_decltype
    Feature record: CXX_FEATURE:0cxx_decltype_auto
    Feature record: CXX_FEATURE:0cxx_decltype_incomplete_return_types
    Feature record: CXX_FEATURE:0cxx_default_function_template_args
    Feature record: CXX_FEATURE:0cxx_defaulted_functions
    Feature record: CXX_FEATURE:0cxx_defaulted_move_initializers
    Feature record: CXX_FEATURE:0cxx_delegating_constructors
    Feature record: CXX_FEATURE:0cxx_deleted_functions
    Feature record: CXX_FEATURE:0cxx_digit_separators
    Feature record: CXX_FEATURE:0cxx_enum_forward_declarations
    Feature record: CXX_FEATURE:0cxx_explicit_conversions
    Feature record: CXX_FEATURE:0cxx_extended_friend_declarations
    Feature record: CXX_FEATURE:0cxx_extern_templates
    Feature record: CXX_FEATURE:0cxx_final
    Feature record: CXX_FEATURE:0cxx_func_identifier
    Feature record: CXX_FEATURE:0cxx_generalized_initializers
    Feature record: CXX_FEATURE:0cxx_generic_lambdas
    Feature record: CXX_FEATURE:0cxx_inheriting_constructors
    Feature record: CXX_FEATURE:0cxx_inline_namespaces
    Feature record: CXX_FEATURE:0cxx_lambdas
    Feature record: CXX_FEATURE:0cxx_lambda_init_captures
    Feature record: CXX_FEATURE:0cxx_local_type_template_args
    Feature record: CXX_FEATURE:0cxx_long_long_type
    Feature record: CXX_FEATURE:0cxx_noexcept
    Feature record: CXX_FEATURE:0cxx_nonstatic_member_init
    Feature record: CXX_FEATURE:0cxx_nullptr
    Feature record: CXX_FEATURE:0cxx_override
    Feature record: CXX_FEATURE:0cxx_range_for
    Feature record: CXX_FEATURE:0cxx_raw_string_literals
    Feature record: CXX_FEATURE:0cxx_reference_qualified_functions
    Feature record: CXX_FEATURE:0cxx_relaxed_constexpr
    Feature record: CXX_FEATURE:0cxx_return_type_deduction
    Feature record: CXX_FEATURE:0cxx_right_angle_brackets
    Feature record: CXX_FEATURE:0cxx_rvalue_references
    Feature record: CXX_FEATURE:0cxx_sizeof_member
    Feature record: CXX_FEATURE:0cxx_static_assert
    Feature record: CXX_FEATURE:0cxx_strong_enums
    Feature record: CXX_FEATURE:1cxx_template_template_parameters
    Feature record: CXX_FEATURE:0cxx_thread_local
    Feature record: CXX_FEATURE:0cxx_trailing_return_types
    Feature record: CXX_FEATURE:0cxx_unicode_literals
    Feature record: CXX_FEATURE:0cxx_uniform_initialization
    Feature record: CXX_FEATURE:0cxx_unrestricted_unions
    Feature record: CXX_FEATURE:0cxx_user_literals
    Feature record: CXX_FEATURE:0cxx_variable_templates
    Feature record: CXX_FEATURE:0cxx_variadic_macros
    Feature record: CXX_FEATURE:0cxx_variadic_templates
